\BOOKMARK [1][-]{section.1}{Pensum}{}% 1
\BOOKMARK [2][-]{subsection.1.1}{Litteratur}{section.1}% 2
\BOOKMARK [2][-]{subsection.1.2}{Exphil 1}{section.1}% 3
\BOOKMARK [2][-]{subsection.1.3}{Exphil 2}{section.1}% 4
\BOOKMARK [1][-]{section.2}{Platon}{}% 5
\BOOKMARK [2][-]{subsection.2.1}{Studiesp\370rsm\345l}{section.2}% 6
\BOOKMARK [3][-]{subsubsection.2.1.1}{``Gi en kort beskrive av Sokrates' sp\370rremetode.''}{subsection.2.1}% 7
\BOOKMARK [3][-]{subsubsection.2.1.2}{``Hva mener \(Platon\) Sokrates med dyd? Nevn noen dyder.''}{subsection.2.1}% 8
\BOOKMARK [3][-]{subsubsection.2.1.3}{``Hva mente sofistene med dyd?''}{subsection.2.1}% 9
\BOOKMARK [3][-]{subsubsection.2.1.4}{``Hvorfor er erkjennelse av egen uvitenhet s\345 viktig for Sokrates' metode?''}{subsection.2.1}% 10
\BOOKMARK [3][-]{subsubsection.2.1.5}{``P\345 hvilken m\345te er kunnskap 'gjenerindring'?''}{subsection.2.1}% 11
\BOOKMARK [3][-]{subsubsection.2.1.6}{``Hva betyr det at dyd er kunnskap? Hva er denne kunnskapens forhold til 'vanlige' dyder som sindighet, rettferdighet osv - p\345 hvilken m\345te kan Sokrates mene at mot eller rettferdighet 'er' kunnskap?''}{subsection.2.1}% 12
\BOOKMARK [3][-]{subsubsection.2.1.7}{``Mot slutten av dialogen virker det som Platon \(Sokrates\) stiller seg mer tvilende til at dyd er viten. Hvordan kommer dette fram?''}{subsection.2.1}% 13
\BOOKMARK [3][-]{subsubsection.2.1.8}{``Hvordan kan det sies \(Staten\) uten selvmotsigelse at kvinner og menn har forskjellig natur, men at de samtidig har samme natur?''}{subsection.2.1}% 14
\BOOKMARK [3][-]{subsubsection.2.1.9}{``I Staten argumenterer Sokrates at kvinner og menn har de samme naturanlegg for \345 v\346re voktere i Staten. Samtidig kommer det fram at \351n kvinne kan ha anlegg for \345 v\346re vokter, en annen har det ikke. Hvordan kan dette forklares?''}{subsection.2.1}% 15
\BOOKMARK [1][-]{section.3}{Aristoteles}{}% 16
\BOOKMARK [1][-]{section.4}{Ren\351 Descartes}{}% 17
\BOOKMARK [1][-]{section.5}{David Hume}{}% 18
\BOOKMARK [1][-]{section.6}{Immanuel Kant}{}% 19
\BOOKMARK [1][-]{section.7}{Simone de Beauvoir}{}% 20
\BOOKMARK [1][-]{section.8}{Relativisme}{}% 21
\BOOKMARK [1][-]{section.9}{Utilitarisme}{}% 22
\BOOKMARK [1][-]{section.10}{Deontolgi}{}% 23
\BOOKMARK [1][-]{section.11}{Dydsetikk}{}% 24
\BOOKMARK [1][-]{section.12}{Foster og dyrs moralske status, milj\370etikk}{}% 25
\BOOKMARK [1][-]{section.13}{Feministisk etikk}{}% 26
\BOOKMARK [1][-]{section.14}{Rasjonalisme}{}% 27
\BOOKMARK [1][-]{section.15}{Empirisme}{}% 28
\BOOKMARK [1][-]{section.16}{Ontologi}{}% 29
\BOOKMARK [1][-]{section.17}{Normativ etikk}{}% 30
\BOOKMARK [1][-]{section.18}{Det kategoriske imperativ}{}% 31
\BOOKMARK [1][-]{section*.2}{Bibliografi}{}% 32
